<?xml version="1.0" encoding="UTF-8"?>
<!-- Generated by org.testng.reporters.JUnitReportReporter -->
<testsuite skipped="0" hostname="DESKTOP-FOLJODC" name="com.testcasses.LeaveListPageTest" tests="1" failures="0" timestamp="2020-01-19T13:02:25 EST" time="18.929" errors="0">
  <testcase name="leaveLabelValidation" time="18.929" classname="com.testcasses.LeaveListPageTest"/>
</testsuite> <!-- com.testcasses.LeaveListPageTest -->
