<?xml version="1.0" encoding="UTF-8"?>
<!-- Generated by org.testng.reporters.JUnitReportReporter -->
<testsuite skipped="0" hostname="DESKTOP-FOLJODC" name="com.testcasses.LoginPageTest" tests="1" failures="0" timestamp="2020-01-19T13:02:25 EST" time="11.669" errors="0">
  <testcase name="negativeLogin" time="11.669" classname="com.testcasses.LoginPageTest"/>
</testsuite> <!-- com.testcasses.LoginPageTest -->
